[16-Mar-2023 11:39:31 UTC] Sync process for Gutenberg Blocks has started.
[16-Mar-2023 11:39:31 UTC] CATEGORY:Importing categories..
[16-Mar-2023 11:39:31 UTC] CATEGORY:Storing in option ast-block-templates-categories
[16-Mar-2023 11:39:31 UTC] CATEGORY:Completed category import.
[16-Mar-2023 11:39:31 UTC] BLOCK: Getting Total Blocks
[16-Mar-2023 11:39:31 UTC] BLOCK: https://websitedemos.net/wp-json/astra-blocks/v1/get-blocks-count/?page_builder=gutenberg&wireframe=yes
[16-Mar-2023 11:39:31 UTC] BLOCK: Requests count 4
[16-Mar-2023 11:39:31 UTC] BLOCK: Importing request 1 ..
[16-Mar-2023 11:39:31 UTC] BLOCK: https://websitedemos.net/wp-json/astra-blocks/v1/blocks/?page_builder=gutenberg&per_page=100&page=1&wireframe=yes
[16-Mar-2023 11:39:32 UTC] BLOCK: Storing in option ast-block-templates-blocks-1
[16-Mar-2023 11:39:32 UTC] BLOCK: Completed request 1
[16-Mar-2023 11:39:32 UTC] BLOCK: Importing request 2 ..
[16-Mar-2023 11:39:32 UTC] BLOCK: https://websitedemos.net/wp-json/astra-blocks/v1/blocks/?page_builder=gutenberg&per_page=100&page=2&wireframe=yes
[16-Mar-2023 11:39:32 UTC] BLOCK: Storing in option ast-block-templates-blocks-2
[16-Mar-2023 11:39:32 UTC] BLOCK: Completed request 2
[16-Mar-2023 11:39:32 UTC] BLOCK: Importing request 3 ..
[16-Mar-2023 11:39:32 UTC] BLOCK: https://websitedemos.net/wp-json/astra-blocks/v1/blocks/?page_builder=gutenberg&per_page=100&page=3&wireframe=yes
[16-Mar-2023 11:39:32 UTC] BLOCK: Storing in option ast-block-templates-blocks-3
[16-Mar-2023 11:39:32 UTC] BLOCK: Completed request 3
[16-Mar-2023 11:39:32 UTC] BLOCK: Importing request 4 ..
[16-Mar-2023 11:39:32 UTC] BLOCK: https://websitedemos.net/wp-json/astra-blocks/v1/blocks/?page_builder=gutenberg&per_page=100&page=4&wireframe=yes
[16-Mar-2023 11:39:33 UTC] BLOCK: Storing in option ast-block-templates-blocks-4
[16-Mar-2023 11:39:33 UTC] BLOCK: Completed request 4
[16-Mar-2023 11:39:33 UTC] SITE: Getting Total Sites
[16-Mar-2023 11:39:33 UTC] SITE: https://websitedemos.net/wp-json/astra-sites/v1/get-total-pages/?page_builder=gutenberg
[16-Mar-2023 11:39:33 UTC] SITE: Request count 2
[16-Mar-2023 11:39:33 UTC] SITE: Importing request 1 ..
[16-Mar-2023 11:39:33 UTC] SITE: https://websitedemos.net/wp-json/astra-sites/v1/sites-and-pages/?per_page=100&page=1&page-builder=gutenberg
[16-Mar-2023 11:39:33 UTC] SITE: Storing in option ast-block-templates-sites-1
[16-Mar-2023 11:39:34 UTC] SITE: Completed request 1
[16-Mar-2023 11:39:34 UTC] SITE: Importing request 2 ..
[16-Mar-2023 11:39:34 UTC] SITE: https://websitedemos.net/wp-json/astra-sites/v1/sites-and-pages/?per_page=100&page=2&page-builder=gutenberg
[16-Mar-2023 11:39:34 UTC] SITE: Storing in option ast-block-templates-sites-2
[16-Mar-2023 11:39:34 UTC] SITE: Completed request 2
[16-Mar-2023 11:39:34 UTC] Sync process for Gutenberg Blocks is done.
